./game/game_view.c:34: MAJOR:C-F5
./game/game_view.c:45: MAJOR:C-F3
./game/game_view.c:45: MAJOR:C-F5
./game/game_view.c:45: MINOR:C-G7
./game/game_view.c:46: MAJOR:C-F3
./game/game_view.c:46: MINOR:C-G7
./game/game_view.c:46: MINOR:C-L2
./game/game_view.c:47: MAJOR:C-F3
./game/game_view.c:47: MINOR:C-L2
./game/game_view.c:49: MAJOR:C-F3
./game/game_view.c:50: MAJOR:C-F3
./game/game_view.c:53: MAJOR:C-F3
./game/game_view.c:53: MAJOR:C-F5
./game/game_view.c:53: MINOR:C-G7
./game/game_view.c:54: MAJOR:C-F3
./game/game_view.c:54: MINOR:C-L2
./game/game_view2.c:10: MAJOR:C-F3
./game/game_view2.c:12: MAJOR:C-F3
./game/game_view2.c:13: MAJOR:C-F3
./game/game_view2.c:14: MAJOR:C-F3
./game/game_view2.c:15: MAJOR:C-F3
./game/game_view2.c:23: MINOR:C-L6
./game/game_view2.c:24: MAJOR:C-L5
./game/game_view2.c:25: MAJOR:C-L5
./game/game_view2.c:34: MAJOR:C-F6
./game/game_view2.c:44: MAJOR:C-F5
./game/game_view2.c:69: MAJOR:C-F5
./game/game_view2.c:69: MAJOR:C-O3
./game/game_view2.c:71: MINOR:C-L4
./game/game_view2.c:75: MINOR:C-G7
./game/game_view2.c:80: MAJOR:C-L1
./game/game_view2.c:81: MAJOR:C-L1
./game/game_view2.c:82: MAJOR:C-L1
./game/game_view2.c:92: MAJOR:C-F4
./game/game_view2.c:93: MAJOR:C-F4
./game/game_view2.c:94: MAJOR:C-F4
./game/game_view2.c:95: MAJOR:C-F4
./game/game_view2.c:96: MAJOR:C-F4
./game/game_view2.c:97: MAJOR:C-F4
./game/game_view2.c:98: MAJOR:C-F4
./game/game_view2.c:99: MAJOR:C-F4
./game/game_view2.c:100: MAJOR:C-F4
./game/game_view2.c:101: MAJOR:C-F4
./game/game_view2.c:102: MAJOR:C-F4
./game/game_view2.c:103: MAJOR:C-F4
./game/game_view2.c:104: MAJOR:C-F4
./game/game_view2.c:105: MAJOR:C-F4
./game/game_view2.c:106: MAJOR:C-F4
./game/game_view3.c:41: MAJOR:C-L5
./game/game_view3.c:42: MAJOR:C-L5
./game/game_view3.c:53: MINOR:C-L6
./game/game_view3.c:59: MAJOR:C-F3
./game/game_view3.c:59: MAJOR:C-F5
./game/game_view3.c:59: MINOR:C-G7
./game/game_view3.c:60: MAJOR:C-F3
./game/game_view3.c:60: MINOR:C-L2
./game/game_view4.c:13: MAJOR:C-L5
./game/game_view4.c:14: MAJOR:C-L5
./game/game_view4.c:15: MAJOR:C-L5
./game/game_view4.c:16: MAJOR:C-L5
./game/game_view4.c:17: MINOR:C-L6
./game/game_view4.c:20: MAJOR:C-L1
./game/game_view4.c:32: MAJOR:C-F5
./include/my.h:30: MAJOR:C-F5
./include/my.h:38: MAJOR:C-F5
./include/my.h:42: MAJOR:C-F5
./include/my.h:47: MINOR:C-L2
./include/my.h:48: MAJOR:C-F6
./include/my.h:48: MINOR:C-L2
./include/my.h:49: MAJOR:C-F5
./include/my.h:50: MINOR:C-G7
./include/my.h:53: MAJOR:C-F5
./include/my.h:56: MINOR:C-G7
./include/my.h:58: MAJOR:C-F5
./include/my.h:59: MINOR:C-G7
./include/my.h:61: MAJOR:C-F5
./include/my.h:62: MINOR:C-G7
./include/my.h:67: MAJOR:C-F5
./include/my.h:71: MINOR:C-G8
./my_hunter.c:43: MAJOR:C-F3
./my_hunter2.c:56: MAJOR:C-F5
